Determining if the pthread_create exist failed with the following output:
Change Dir: /home/cyb7369299/My_Workspace/xyi_ws/src/build-xiaoyi_bot-Desktop-Default/CMakeFiles/CMakeTmp

Run Build Command:/usr/bin/make "cmTryCompileExec926231759/fast"
/usr/bin/make -f CMakeFiles/cmTryCompileExec926231759.dir/build.make CMakeFiles/cmTryCompileExec926231759.dir/build
make[1]: Entering directory `/home/cyb7369299/My_Workspace/xyi_ws/src/build-xiaoyi_bot-Desktop-Default/CMakeFiles/CMakeTmp'
/usr/bin/cmake -E cmake_progress_report /home/cyb7369299/My_Workspace/xyi_ws/src/build-xiaoyi_bot-Desktop-Default/CMakeFiles/CMakeTmp/CMakeFiles 1
Building C object CMakeFiles/cmTryCompileExec926231759.dir/CheckSymbolExists.c.o
/usr/bin/cc    -o CMakeFiles/cmTryCompileExec926231759.dir/CheckSymbolExists.c.o   -c /home/cyb7369299/My_Workspace/xyi_ws/src/build-xiaoyi_bot-Desktop-Default/CMakeFiles/CMakeTmp/CheckSymbolExists.c
Linking C executable cmTryCompileExec926231759
/usr/bin/cmake -E cmake_link_script CMakeFiles/cmTryCompileExec926231759.dir/link.txt --verbose=1
/usr/bin/cc       CMakeFiles/cmTryCompileExec926231759.dir/CheckSymbolExists.c.o  -o cmTryCompileExec926231759 -rdynamic 
CMakeFiles/cmTryCompileExec926231759.dir/CheckSymbolExists.c.o: In function `main':
CheckSymbolExists.c:(.text+0x16): undefined reference to `pthread_create'
collect2: error: ld returned 1 exit status
make[1]: Leaving directory `/home/cyb7369299/My_Workspace/xyi_ws/src/build-xiaoyi_bot-Desktop-Default/CMakeFiles/CMakeTmp'
make[1]: *** [cmTryCompileExec926231759] Error 1
make: *** [cmTryCompileExec926231759/fast] Error 2

File /home/cyb7369299/My_Workspace/xyi_ws/src/build-xiaoyi_bot-Desktop-Default/CMakeFiles/CMakeTmp/CheckSymbolExists.c:
/* */
#include <pthread.h>

int main(int argc, char** argv)
{
  (void)argv;
#ifndef pthread_create
  return ((int*)(&pthread_create))[argc];
#else
  (void)argc;
  return 0;
#endif
}

Determining if the function pthread_create exists in the pthreads failed with the following output:
Change Dir: /home/cyb7369299/My_Workspace/xyi_ws/src/build-xiaoyi_bot-Desktop-Default/CMakeFiles/CMakeTmp

Run Build Command:/usr/bin/make "cmTryCompileExec3235074939/fast"
/usr/bin/make -f CMakeFiles/cmTryCompileExec3235074939.dir/build.make CMakeFiles/cmTryCompileExec3235074939.dir/build
make[1]: Entering directory `/home/cyb7369299/My_Workspace/xyi_ws/src/build-xiaoyi_bot-Desktop-Default/CMakeFiles/CMakeTmp'
/usr/bin/cmake -E cmake_progress_report /home/cyb7369299/My_Workspace/xyi_ws/src/build-xiaoyi_bot-Desktop-Default/CMakeFiles/CMakeTmp/CMakeFiles 1
Building C object CMakeFiles/cmTryCompileExec3235074939.dir/CheckFunctionExists.c.o
/usr/bin/cc   -DCHECK_FUNCTION_EXISTS=pthread_create   -o CMakeFiles/cmTryCompileExec3235074939.dir/CheckFunctionExists.c.o   -c /usr/share/cmake-2.8/Modules/CheckFunctionExists.c
Linking C executable cmTryCompileExec3235074939
/usr/bin/cmake -E cmake_link_script CMakeFiles/cmTryCompileExec3235074939.dir/link.txt --verbose=1
/usr/bin/cc   -DCHECK_FUNCTION_EXISTS=pthread_create    CMakeFiles/cmTryCompileExec3235074939.dir/CheckFunctionExists.c.o  -o cmTryCompileExec3235074939 -rdynamic -lpthreads 
/usr/bin/ld: cannot find -lpthreads
collect2: error: ld returned 1 exit status
make[1]: Leaving directory `/home/cyb7369299/My_Workspace/xyi_ws/src/build-xiaoyi_bot-Desktop-Default/CMakeFiles/CMakeTmp'
make[1]: *** [cmTryCompileExec3235074939] Error 1
make: *** [cmTryCompileExec3235074939/fast] Error 2


